!SESSION 2025-02-24 10:17:31.556 -----------------------------------------------
eclipse.buildId=unknown
java.version=1.6.0_32
java.vendor=Sun Microsystems Inc.
BootLoader constants: OS=win32, ARCH=x86, WS=win32, NL=ko_KR
Command-line arguments:  -os win32 -ws win32 -arch x86

!ENTRY com.silabs.customizer 4 0 2025-02-24 10:17:33.566
!MESSAGE CP2102 FAILED read of PID (hex).
!STACK 0
java.lang.Exception: Device not found: CP2102 - site1
	at com.silabs.customizer.devices.cp210x.Device210x.openDevice(Device210x.java:445)
	at com.silabs.customizer.devices.cp210x.Device210x.getPID(Device210x.java:106)
	at com.silabs.customizer.devices.PropertyPID.readValueFromDevice(PropertyPID.java:34)
	at com.silabs.customizer.devices.Property.initProperty(Property.java:152)
	at com.silabs.customizer.devices.PropertyPID.<init>(PropertyPID.java:12)
	at com.silabs.customizer.devices.cp210x.Device2102.createIds(Device2102.java:40)
	at com.silabs.customizer.devices.Device.getIds(Device.java:71)
	at com.silabs.customizer.ui.ConfigurationComposite.setInput(ConfigurationComposite.java:513)
	at com.silabs.customizer.ui.ConfigurationComposite.selectionChanged(ConfigurationComposite.java:219)
	at org.eclipse.jface.viewers.Viewer$2.run(Viewer.java:164)
	at org.eclipse.jface.util.SafeRunnable$1.run(SafeRunnable.java:128)
	at org.eclipse.jface.util.SafeRunnable.run(SafeRunnable.java:175)
	at org.eclipse.jface.viewers.Viewer.fireSelectionChanged(Viewer.java:162)
	at org.eclipse.jface.viewers.StructuredViewer.updateSelection(StructuredViewer.java:2188)
	at org.eclipse.jface.viewers.StructuredViewer.setSelection(StructuredViewer.java:1725)
	at org.eclipse.jface.viewers.Viewer.setSelection(Viewer.java:394)
	at com.silabs.customizer.ui.DevicesComposite$3.run(DevicesComposite.java:117)
	at org.eclipse.swt.widgets.RunnableLock.run(RunnableLock.java:35)
	at org.eclipse.swt.widgets.Synchronizer.runAsyncMessages(Synchronizer.java:135)
	at org.eclipse.swt.widgets.Display.runAsyncMessages(Display.java:4144)
	at org.eclipse.swt.widgets.Display.readAndDispatch(Display.java:3761)
	at com.silabs.customizer.Application.processEvents(Application.java:278)
	at com.silabs.customizer.Application.start(Application.java:113)
	at org.eclipse.equinox.internal.app.EclipseAppHandle.run(EclipseAppHandle.java:196)
	at org.eclipse.core.runtime.internal.adaptor.EclipseAppLauncher.runApplication(EclipseAppLauncher.java:110)
	at org.eclipse.core.runtime.internal.adaptor.EclipseAppLauncher.start(EclipseAppLauncher.java:79)
	at org.eclipse.core.runtime.adaptor.EclipseStarter.run(EclipseStarter.java:353)
	at org.eclipse.core.runtime.adaptor.EclipseStarter.run(EclipseStarter.java:180)
	at sun.reflect.NativeMethodAccessorImpl.invoke0(Native Method)
	at sun.reflect.NativeMethodAccessorImpl.invoke(Unknown Source)
	at sun.reflect.DelegatingMethodAccessorImpl.invoke(Unknown Source)
	at java.lang.reflect.Method.invoke(Unknown Source)
	at org.eclipse.equinox.launcher.Main.invokeFramework(Main.java:629)
	at org.eclipse.equinox.launcher.Main.basicRun(Main.java:584)
	at org.eclipse.equinox.launcher.Main.run(Main.java:1438)

!ENTRY com.silabs.customizer 4 0 2025-02-24 10:17:33.579
!MESSAGE CP2102 FAILED read of Power (hex).
!STACK 0
java.lang.Exception: Device not found: CP2102 - site1
	at com.silabs.customizer.devices.cp210x.Device210x.openDevice(Device210x.java:445)
	at com.silabs.customizer.devices.cp210x.Device210x.getPower(Device210x.java:123)
	at com.silabs.customizer.devices.PropertyPower.readValueFromDevice(PropertyPower.java:35)
	at com.silabs.customizer.devices.Property.initProperty(Property.java:152)
	at com.silabs.customizer.devices.PropertyPower.<init>(PropertyPower.java:12)
	at com.silabs.customizer.devices.cp210x.Device2102.createIds(Device2102.java:40)
	at com.silabs.customizer.devices.Device.getIds(Device.java:71)
	at com.silabs.customizer.ui.ConfigurationComposite.setInput(ConfigurationComposite.java:513)
	at com.silabs.customizer.ui.ConfigurationComposite.selectionChanged(ConfigurationComposite.java:219)
	at org.eclipse.jface.viewers.Viewer$2.run(Viewer.java:164)
	at org.eclipse.jface.util.SafeRunnable$1.run(SafeRunnable.java:128)
	at org.eclipse.jface.util.SafeRunnable.run(SafeRunnable.java:175)
	at org.eclipse.jface.viewers.Viewer.fireSelectionChanged(Viewer.java:162)
	at org.eclipse.jface.viewers.StructuredViewer.updateSelection(StructuredViewer.java:2188)
	at org.eclipse.jface.viewers.StructuredViewer.setSelection(StructuredViewer.java:1725)
	at org.eclipse.jface.viewers.Viewer.setSelection(Viewer.java:394)
	at com.silabs.customizer.ui.DevicesComposite$3.run(DevicesComposite.java:117)
	at org.eclipse.swt.widgets.RunnableLock.run(RunnableLock.java:35)
	at org.eclipse.swt.widgets.Synchronizer.runAsyncMessages(Synchronizer.java:135)
	at org.eclipse.swt.widgets.Display.runAsyncMessages(Display.java:4144)
	at org.eclipse.swt.widgets.Display.readAndDispatch(Display.java:3761)
	at com.silabs.customizer.Application.processEvents(Application.java:278)
	at com.silabs.customizer.Application.start(Application.java:113)
	at org.eclipse.equinox.internal.app.EclipseAppHandle.run(EclipseAppHandle.java:196)
	at org.eclipse.core.runtime.internal.adaptor.EclipseAppLauncher.runApplication(EclipseAppLauncher.java:110)
	at org.eclipse.core.runtime.internal.adaptor.EclipseAppLauncher.start(EclipseAppLauncher.java:79)
	at org.eclipse.core.runtime.adaptor.EclipseStarter.run(EclipseStarter.java:353)
	at org.eclipse.core.runtime.adaptor.EclipseStarter.run(EclipseStarter.java:180)
	at sun.reflect.NativeMethodAccessorImpl.invoke0(Native Method)
	at sun.reflect.NativeMethodAccessorImpl.invoke(Unknown Source)
	at sun.reflect.DelegatingMethodAccessorImpl.invoke(Unknown Source)
	at java.lang.reflect.Method.invoke(Unknown Source)
	at org.eclipse.equinox.launcher.Main.invokeFramework(Main.java:629)
	at org.eclipse.equinox.launcher.Main.basicRun(Main.java:584)
	at org.eclipse.equinox.launcher.Main.run(Main.java:1438)

!ENTRY com.silabs.customizer 4 0 2025-02-24 10:17:33.598
!MESSAGE CP2102 FAILED read of Release Version (Maj., Min.).
!STACK 0
java.lang.Exception: Device not found: CP2102 - site1
	at com.silabs.customizer.devices.cp210x.Device210x.openDevice(Device210x.java:445)
	at com.silabs.customizer.devices.cp210x.Device210x.getReleaseVersion(Device210x.java:177)
	at com.silabs.customizer.devices.PropertyReleaseVer.readValueFromDevice(PropertyReleaseVer.java:35)
	at com.silabs.customizer.devices.Property.initProperty(Property.java:152)
	at com.silabs.customizer.devices.PropertyReleaseVer.<init>(PropertyReleaseVer.java:13)
	at com.silabs.customizer.devices.cp210x.Device2102.createIds(Device2102.java:41)
	at com.silabs.customizer.devices.Device.getIds(Device.java:71)
	at com.silabs.customizer.ui.ConfigurationComposite.setInput(ConfigurationComposite.java:513)
	at com.silabs.customizer.ui.ConfigurationComposite.selectionChanged(ConfigurationComposite.java:219)
	at org.eclipse.jface.viewers.Viewer$2.run(Viewer.java:164)
	at org.eclipse.jface.util.SafeRunnable$1.run(SafeRunnable.java:128)
	at org.eclipse.jface.util.SafeRunnable.run(SafeRunnable.java:175)
	at org.eclipse.jface.viewers.Viewer.fireSelectionChanged(Viewer.java:162)
	at org.eclipse.jface.viewers.StructuredViewer.updateSelection(StructuredViewer.java:2188)
	at org.eclipse.jface.viewers.StructuredViewer.setSelection(StructuredViewer.java:1725)
	at org.eclipse.jface.viewers.Viewer.setSelection(Viewer.java:394)
	at com.silabs.customizer.ui.DevicesComposite$3.run(DevicesComposite.java:117)
	at org.eclipse.swt.widgets.RunnableLock.run(RunnableLock.java:35)
	at org.eclipse.swt.widgets.Synchronizer.runAsyncMessages(Synchronizer.java:135)
	at org.eclipse.swt.widgets.Display.runAsyncMessages(Display.java:4144)
	at org.eclipse.swt.widgets.Display.readAndDispatch(Display.java:3761)
	at com.silabs.customizer.Application.processEvents(Application.java:278)
	at com.silabs.customizer.Application.start(Application.java:113)
	at org.eclipse.equinox.internal.app.EclipseAppHandle.run(EclipseAppHandle.java:196)
	at org.eclipse.core.runtime.internal.adaptor.EclipseAppLauncher.runApplication(EclipseAppLauncher.java:110)
	at org.eclipse.core.runtime.internal.adaptor.EclipseAppLauncher.start(EclipseAppLauncher.java:79)
	at org.eclipse.core.runtime.adaptor.EclipseStarter.run(EclipseStarter.java:353)
	at org.eclipse.core.runtime.adaptor.EclipseStarter.run(EclipseStarter.java:180)
	at sun.reflect.NativeMethodAccessorImpl.invoke0(Native Method)
	at sun.reflect.NativeMethodAccessorImpl.invoke(Unknown Source)
	at sun.reflect.DelegatingMethodAccessorImpl.invoke(Unknown Source)
	at java.lang.reflect.Method.invoke(Unknown Source)
	at org.eclipse.equinox.launcher.Main.invokeFramework(Main.java:629)
	at org.eclipse.equinox.launcher.Main.basicRun(Main.java:584)
	at org.eclipse.equinox.launcher.Main.run(Main.java:1438)

!ENTRY com.silabs.customizer 4 0 2025-02-24 10:17:33.621
!MESSAGE CP2102 FAILED read of Serial.
!STACK 0
java.lang.Exception: Device not found: CP2102 - site1
	at com.silabs.customizer.devices.cp210x.Device210x.openDevice(Device210x.java:445)
	at com.silabs.customizer.devices.cp210x.Device210x.getSerial(Device210x.java:197)
	at com.silabs.customizer.devices.PropertySerial.readValueFromDevice(PropertySerial.java:55)
	at com.silabs.customizer.devices.Property.initProperty(Property.java:152)
	at com.silabs.customizer.devices.PropertySerial.<init>(PropertySerial.java:20)
	at com.silabs.customizer.devices.cp210x.Device2102.createIds(Device2102.java:43)
	at com.silabs.customizer.devices.Device.getIds(Device.java:71)
	at com.silabs.customizer.ui.ConfigurationComposite.setInput(ConfigurationComposite.java:513)
	at com.silabs.customizer.ui.ConfigurationComposite.selectionChanged(ConfigurationComposite.java:219)
	at org.eclipse.jface.viewers.Viewer$2.run(Viewer.java:164)
	at org.eclipse.jface.util.SafeRunnable$1.run(SafeRunnable.java:128)
	at org.eclipse.jface.util.SafeRunnable.run(SafeRunnable.java:175)
	at org.eclipse.jface.viewers.Viewer.fireSelectionChanged(Viewer.java:162)
	at org.eclipse.jface.viewers.StructuredViewer.updateSelection(StructuredViewer.java:2188)
	at org.eclipse.jface.viewers.StructuredViewer.setSelection(StructuredViewer.java:1725)
	at org.eclipse.jface.viewers.Viewer.setSelection(Viewer.java:394)
	at com.silabs.customizer.ui.DevicesComposite$3.run(DevicesComposite.java:117)
	at org.eclipse.swt.widgets.RunnableLock.run(RunnableLock.java:35)
	at org.eclipse.swt.widgets.Synchronizer.runAsyncMessages(Synchronizer.java:135)
	at org.eclipse.swt.widgets.Display.runAsyncMessages(Display.java:4144)
	at org.eclipse.swt.widgets.Display.readAndDispatch(Display.java:3761)
	at com.silabs.customizer.Application.processEvents(Application.java:278)
	at com.silabs.customizer.Application.start(Application.java:113)
	at org.eclipse.equinox.internal.app.EclipseAppHandle.run(EclipseAppHandle.java:196)
	at org.eclipse.core.runtime.internal.adaptor.EclipseAppLauncher.runApplication(EclipseAppLauncher.java:110)
	at org.eclipse.core.runtime.internal.adaptor.EclipseAppLauncher.start(EclipseAppLauncher.java:79)
	at org.eclipse.core.runtime.adaptor.EclipseStarter.run(EclipseStarter.java:353)
	at org.eclipse.core.runtime.adaptor.EclipseStarter.run(EclipseStarter.java:180)
	at sun.reflect.NativeMethodAccessorImpl.invoke0(Native Method)
	at sun.reflect.NativeMethodAccessorImpl.invoke(Unknown Source)
	at sun.reflect.DelegatingMethodAccessorImpl.invoke(Unknown Source)
	at java.lang.reflect.Method.invoke(Unknown Source)
	at org.eclipse.equinox.launcher.Main.invokeFramework(Main.java:629)
	at org.eclipse.equinox.launcher.Main.basicRun(Main.java:584)
	at org.eclipse.equinox.launcher.Main.run(Main.java:1438)
